<?xml version="1.0" encoding="UTF-8"?>
<robot generator="Robot 3.2.1 (Python 3.7.1 on win32)" generated="20200628 22:54:37.122" rpa="false">
<suite id="s1" name="使用变量文件" source="D:\RobotframworkProject\test\使用变量文件.robot">
<test id="s1-t1" name="使用变量文件">
<kw name="Log" library="BuiltIn">
<doc>Logs the given message with the given level.</doc>
<arguments>
<arg>开始执行时间：${startime}</arg>
</arguments>
<msg timestamp="20200628 22:54:37.157" level="INFO">开始执行时间：Sun Jun 28 22:54:37 2020</msg>
<status status="PASS" starttime="20200628 22:54:37.157" endtime="20200628 22:54:37.157"></status>
</kw>
<kw name="Log" library="BuiltIn">
<doc>Logs the given message with the given level.</doc>
<arguments>
<arg>${MAPPING}</arg>
</arguments>
<msg timestamp="20200628 22:54:37.158" level="INFO">{'one': 1, 'two': 2, 'three': 3}</msg>
<status status="PASS" starttime="20200628 22:54:37.158" endtime="20200628 22:54:37.158"></status>
</kw>
<kw name="Log" library="BuiltIn">
<doc>Logs the given message with the given level.</doc>
<arguments>
<arg>${name}</arg>
</arguments>
<msg timestamp="20200628 22:54:37.159" level="INFO">曹操</msg>
<status status="PASS" starttime="20200628 22:54:37.159" endtime="20200628 22:54:37.159"></status>
</kw>
<kw name="Log" library="BuiltIn">
<doc>Logs the given message with the given level.</doc>
<arguments>
<arg>${end}</arg>
</arguments>
<msg timestamp="20200628 22:54:37.160" level="INFO">打印了我说明已经导入成功</msg>
<status status="PASS" starttime="20200628 22:54:37.160" endtime="20200628 22:54:37.160"></status>
</kw>
<kw name="Log" library="BuiltIn">
<doc>Logs the given message with the given level.</doc>
<arguments>
<arg>结束执行时间：${endtime}</arg>
</arguments>
<msg timestamp="20200628 22:54:37.161" level="INFO">结束执行时间：Sun Jun 28 22:54:37 2020</msg>
<status status="PASS" starttime="20200628 22:54:37.160" endtime="20200628 22:54:37.161"></status>
</kw>
<kw name="Log" library="BuiltIn">
<doc>Logs the given message with the given level.</doc>
<arguments>
<arg>${name}</arg>
</arguments>
<msg timestamp="20200628 22:54:37.161" level="INFO">曹操</msg>
<status status="PASS" starttime="20200628 22:54:37.161" endtime="20200628 22:54:37.161"></status>
</kw>
<kw name="Log" library="BuiltIn">
<doc>Logs the given message with the given level.</doc>
<arguments>
<arg>${phone2}</arg>
</arguments>
<msg timestamp="20200628 22:54:37.163" level="INFO">1393939439</msg>
<status status="PASS" starttime="20200628 22:54:37.163" endtime="20200628 22:54:37.163"></status>
</kw>
<status status="PASS" starttime="20200628 22:54:37.156" endtime="20200628 22:54:37.164" critical="yes"></status>
</test>
<status status="PASS" starttime="20200628 22:54:37.124" endtime="20200628 22:54:37.166"></status>
</suite>
<statistics>
<total>
<stat pass="1" fail="0">Critical Tests</stat>
<stat pass="1" fail="0">All Tests</stat>
</total>
<tag>
</tag>
<suite>
<stat pass="1" fail="0" id="s1" name="使用变量文件">使用变量文件</stat>
</suite>
</statistics>
<errors>
</errors>
</robot>
